Sencha Cmd 6.5.2.15 - Crash report
================================================
An error occurred while executing the following command: generate app -ext ./ cliento

Diagnostic information:
=======================
                          cmd.config.dir : /Users/liberot/Workspace/Sencha6.5.2.jre          
                                 cmd.dir : /Users/liberot/Workspace/Sencha6.5.2.jre          
              cmd.merge.tool.args.araxis : -wait -merge -3 -a1 {base} {user} {generated} {out}
              cmd.merge.tool.args.kdiff3 : {base} {user} {generated} -o {out}                
             cmd.merge.tool.args.p4merge : {base} {user} {generated} {out}                   
           cmd.merge.tool.args.smartsync : {user} {generated} {base}                         
          cmd.merge.tool.args.sourcegear : --merge --result={out} {user} {base} {generated}  
            cmd.merge.tool.args.tortoise : -base:{base} -theirs:{generated} -mine:{user} -merged:{out}
                              cmd.minver : 3.0.0.0                                           
                            cmd.platform : osx                                               
                     cmd.unicode.escapes : /Users/liberot/Workspace/Sencha6.5.2.jre/unicode-escapes.json
                             cmd.version : 6.5.2.15                                          
                            cmd.web.port : 1841                                              
                       inspector.address : http://localhost:1839/                            
                          repo.local.dir : /Users/liberot/Workspace/repo                     
                       shared.sencha.dir : false                                             
        system.java.net.useSystemProxies : true                                              

Exception information:
=======================
String index out of range: 1
     at java.lang.String.substring(String.java:1951)
     at com.sencha.util.StringUtil.capitalize(StringUtil.java:618)
     at com.sencha.util.NameUtil$1.process(NameUtil.java:64)
     at com.sencha.util.NameUtil$1.process(NameUtil.java:58)
     at com.sencha.util.CollectionUtil.apply(CollectionUtil.java:110)
     at com.sencha.util.CollectionUtil$MonadicList.apply(CollectionUtil.java:236)
     at com.sencha.util.NameUtil.stringToNamespace(NameUtil.java:58)
     at com.sencha.command.generator.GeneratorCommands$AppCommand.validateAppName(GeneratorCommands.java:680)
     at com.sencha.command.generator.GeneratorCommands$AppCommand.execute(GeneratorCommands.java:420)
     at sun.reflect.NativeMethodAccessorImpl.invoke0(Native Method)
     at sun.reflect.NativeMethodAccessorImpl.invoke(NativeMethodAccessorImpl.java:62)
     at sun.reflect.DelegatingMethodAccessorImpl.invoke(DelegatingMethodAccessorImpl.java:43)
     at java.lang.reflect.Method.invoke(Method.java:497)
     at com.sencha.util.MethodInvoker$Arguments.invoke(MethodInvoker.java:175)
     at com.sencha.cli.Command.dispatch(Command.java:43)
     at com.sencha.command.BasePluginCommands$BasePluginCommand.dispatch(BasePluginCommands.java:289)
     at com.sencha.cli.Commands.dispatch(Commands.java:64)
     at com.sencha.cli.Commands.dispatch(Commands.java:64)
     at com.sencha.command.Sencha.dispatch(Sencha.java:80)
     at com.sencha.command.Sencha.main(Sencha.java:147)
     at sun.reflect.NativeMethodAccessorImpl.invoke0(Native Method)
     at sun.reflect.NativeMethodAccessorImpl.invoke(NativeMethodAccessorImpl.java:62)
     at sun.reflect.DelegatingMethodAccessorImpl.invoke(DelegatingMethodAccessorImpl.java:43)
     at java.lang.reflect.Method.invoke(Method.java:497)
     at com.exe4j.runtime.LauncherEngine.launch(LauncherEngine.java:65)
     at com.install4j.runtime.launcher.UnixLauncher.main(UnixLauncher.java:57)

